<?xml version="1.0" encoding="UTF-8"?>
<testsuite name="com.Project.urlShortner.UrlShortnerApplicationTests" tests="1" skipped="0" failures="0" errors="0" timestamp="2021-10-21T20:23:32" hostname="SUHANI-HP" time="0.668">
  <properties/>
  <testcase name="contextLoads()" classname="com.Project.urlShortner.UrlShortnerApplicationTests" time="0.668"/>
  <system-out><![CDATA[01:53:27.658 [Test worker] DEBUG org.springframework.test.context.BootstrapUtils - Instantiating CacheAwareContextLoaderDelegate from class [org.springframework.test.context.cache.DefaultCacheAwareContextLoaderDelegate]
01:53:27.744 [Test worker] DEBUG org.springframework.test.context.BootstrapUtils - Instantiating BootstrapContext using constructor [public org.springframework.test.context.support.DefaultBootstrapContext(java.lang.Class,org.springframework.test.context.CacheAwareContextLoaderDelegate)]
01:53:28.379 [Test worker] DEBUG org.springframework.test.context.BootstrapUtils - Instantiating TestContextBootstrapper for test class [com.Project.urlShortner.UrlShortnerApplicationTests] from class [org.springframework.boot.test.context.SpringBootTestContextBootstrapper]
01:53:28.451 [Test worker] INFO org.springframework.boot.test.context.SpringBootTestContextBootstrapper - Neither @ContextConfiguration nor @ContextHierarchy found for test class [com.Project.urlShortner.UrlShortnerApplicationTests], using SpringBootContextLoader
01:53:28.460 [Test worker] DEBUG org.springframework.test.context.support.AbstractContextLoader - Did not detect default resource location for test class [com.Project.urlShortner.UrlShortnerApplicationTests]: class path resource [com/Project/urlShortner/UrlShortnerApplicationTests-context.xml] does not exist
01:53:28.461 [Test worker] DEBUG org.springframework.test.context.support.AbstractContextLoader - Did not detect default resource location for test class [com.Project.urlShortner.UrlShortnerApplicationTests]: class path resource [com/Project/urlShortner/UrlShortnerApplicationTestsContext.groovy] does not exist
01:53:28.462 [Test worker] INFO org.springframework.test.context.support.AbstractContextLoader - Could not detect default resource locations for test class [com.Project.urlShortner.UrlShortnerApplicationTests]: no resource found for suffixes {-context.xml, Context.groovy}.
01:53:28.463 [Test worker] INFO org.springframework.test.context.support.AnnotationConfigContextLoaderUtils - Could not detect default configuration classes for test class [com.Project.urlShortner.UrlShortnerApplicationTests]: UrlShortnerApplicationTests does not declare any static, non-private, non-final, nested classes annotated with @Configuration.
01:53:28.531 [Test worker] DEBUG org.springframework.test.context.support.ActiveProfilesUtils - Could not find an 'annotation declaring class' for annotation type [org.springframework.test.context.ActiveProfiles] and class [com.Project.urlShortner.UrlShortnerApplicationTests]
01:53:28.648 [Test worker] DEBUG org.springframework.context.annotation.ClassPathScanningCandidateComponentProvider - Identified candidate component class: file [C:\Users\Hp\Downloads\urlShortner\urlShortner\build\classes\java\main\com\Project\urlShortner\UrlShortnerApplication.class]
01:53:28.650 [Test worker] INFO org.springframework.boot.test.context.SpringBootTestContextBootstrapper - Found @SpringBootConfiguration com.Project.urlShortner.UrlShortnerApplication for test class com.Project.urlShortner.UrlShortnerApplicationTests
01:53:28.818 [Test worker] DEBUG org.springframework.boot.test.context.SpringBootTestContextBootstrapper - @TestExecutionListeners is not present for class [com.Project.urlShortner.UrlShortnerApplicationTests]: using defaults.
01:53:28.820 [Test worker] INFO org.springframework.boot.test.context.SpringBootTestContextBootstrapper - Loaded default TestExecutionListener class names from location [META-INF/spring.factories]: [org.springframework.boot.test.autoconfigure.restdocs.RestDocsTestExecutionListener, org.springframework.boot.test.autoconfigure.web.client.MockRestServiceServerResetTestExecutionListener, org.springframework.boot.test.autoconfigure.web.servlet.MockMvcPrintOnlyOnFailureTestExecutionListener, org.springframework.boot.test.autoconfigure.web.servlet.WebDriverTestExecutionListener, org.springframework.boot.test.autoconfigure.webservices.client.MockWebServiceServerTestExecutionListener, org.springframework.boot.test.mock.mockito.MockitoTestExecutionListener, org.springframework.boot.test.mock.mockito.ResetMocksTestExecutionListener, org.springframework.test.context.web.ServletTestExecutionListener, org.springframework.test.context.support.DirtiesContextBeforeModesTestExecutionListener, org.springframework.test.context.event.ApplicationEventsTestExecutionListener, org.springframework.test.context.support.DependencyInjectionTestExecutionListener, org.springframework.test.context.support.DirtiesContextTestExecutionListener, org.springframework.test.context.transaction.TransactionalTestExecutionListener, org.springframework.test.context.jdbc.SqlScriptsTestExecutionListener, org.springframework.test.context.event.EventPublishingTestExecutionListener]
01:53:28.838 [Test worker] DEBUG org.springframework.boot.test.context.SpringBootTestContextBootstrapper - Skipping candidate TestExecutionListener [org.springframework.test.context.transaction.TransactionalTestExecutionListener] due to a missing dependency. Specify custom listener classes or make the default listener classes and their required dependencies available. Offending class: [org/springframework/transaction/interceptor/TransactionAttributeSource]
01:53:28.839 [Test worker] DEBUG org.springframework.boot.test.context.SpringBootTestContextBootstrapper - Skipping candidate TestExecutionListener [org.springframework.test.context.jdbc.SqlScriptsTestExecutionListener] due to a missing dependency. Specify custom listener classes or make the default listener classes and their required dependencies available. Offending class: [org/springframework/transaction/interceptor/TransactionAttribute]
01:53:28.840 [Test worker] INFO org.springframework.boot.test.context.SpringBootTestContextBootstrapper - Using TestExecutionListeners: [org.springframework.test.context.web.ServletTestExecutionListener@40e10ff8, org.springframework.test.context.support.DirtiesContextBeforeModesTestExecutionListener@557a1e2d, org.springframework.test.context.event.ApplicationEventsTestExecutionListener@26a4842b, org.springframework.boot.test.mock.mockito.MockitoTestExecutionListener@7e38a7fe, org.springframework.boot.test.autoconfigure.SpringBootDependencyInjectionTestExecutionListener@366ef90e, org.springframework.test.context.support.DirtiesContextTestExecutionListener@33e01298, org.springframework.test.context.event.EventPublishingTestExecutionListener@31e75d13, org.springframework.boot.test.autoconfigure.restdocs.RestDocsTestExecutionListener@a5b0b86, org.springframework.boot.test.autoconfigure.web.client.MockRestServiceServerResetTestExecutionListener@4b3c354a, org.springframework.boot.test.autoconfigure.web.servlet.MockMvcPrintOnlyOnFailureTestExecutionListener@78fb9a67, org.springframework.boot.test.autoconfigure.web.servlet.WebDriverTestExecutionListener@73ff4fae, org.springframework.boot.test.autoconfigure.webservices.client.MockWebServiceServerTestExecutionListener@21aa6d6c, org.springframework.boot.test.mock.mockito.ResetMocksTestExecutionListener@b968a76]
01:53:28.846 [Test worker] DEBUG org.springframework.test.context.support.AbstractDirtiesContextTestExecutionListener - Before test class: context [DefaultTestContext@7fc44dec testClass = UrlShortnerApplicationTests, testInstance = [null], testMethod = [null], testException = [null], mergedContextConfiguration = [WebMergedContextConfiguration@7e3060d8 testClass = UrlShortnerApplicationTests, locations = '{}', classes = '{class com.Project.urlShortner.UrlShortnerApplication}', contextInitializerClasses = '[]', activeProfiles = '{}', propertySourceLocations = '{}', propertySourceProperties = '{org.springframework.boot.test.context.SpringBootTestContextBootstrapper=true}', contextCustomizers = set[org.springframework.boot.test.autoconfigure.actuate.metrics.MetricsExportContextCustomizerFactory$DisableMetricExportContextCustomizer@10a9d961, org.springframework.boot.test.autoconfigure.properties.PropertyMappingContextCustomizer@0, org.springframework.boot.test.autoconfigure.web.servlet.WebDriverContextCustomizerFactory$Customizer@3cdf2c61, org.springframework.boot.test.context.filter.ExcludeFilterContextCustomizer@673be18f, org.springframework.boot.test.json.DuplicateJsonObjectContextCustomizerFactory$DuplicateJsonObjectContextCustomizer@6ce86ce1, org.springframework.boot.test.mock.mockito.MockitoContextCustomizer@0, org.springframework.boot.test.web.client.TestRestTemplateContextCustomizer@524f3b3a, org.springframework.boot.test.context.SpringBootTestArgs@1, org.springframework.boot.test.context.SpringBootTestWebEnvironment@19d481b], resourceBasePath = 'src/main/webapp', contextLoader = 'org.springframework.boot.test.context.SpringBootContextLoader', parent = [null]], attributes = map['org.springframework.test.context.web.ServletTestExecutionListener.activateListener' -> true]], class annotated with @DirtiesContext [false] with mode [null].
01:53:28.904 [Test worker] DEBUG org.springframework.test.context.support.TestPropertySourceUtils - Adding inlined properties to environment: {spring.jmx.enabled=false, org.springframework.boot.test.context.SpringBootTestContextBootstrapper=true}

  .   ____          _            __ _ _
 /\\ / ___'_ __ _ _(_)_ __  __ _ \ \ \ \
( ( )\___ | '_ | '_| | '_ \/ _` | \ \ \ \
 \\/  ___)| |_)| | | | | || (_| |  ) ) ) )
  '  |____| .__|_| |_|_| |_\__, | / / / /
 =========|_|==============|___/=/_/_/_/
 :: Spring Boot ::                (v2.5.6)

2021-10-22 01:53:29.296  INFO 688 --- [    Test worker] c.P.u.UrlShortnerApplicationTests        : Starting UrlShortnerApplicationTests using Java 16.0.2 on Suhani-HP with PID 688 (started by Suhani in C:\Users\Hp\Downloads\urlShortner\urlShortner)
2021-10-22 01:53:29.299  INFO 688 --- [    Test worker] c.P.u.UrlShortnerApplicationTests        : No active profile set, falling back to default profiles: default
2021-10-22 01:53:31.524  INFO 688 --- [    Test worker] o.s.b.a.w.s.WelcomePageHandlerMapping    : Adding welcome page template: index
2021-10-22 01:53:31.979  INFO 688 --- [    Test worker] c.P.u.UrlShortnerApplicationTests        : Started UrlShortnerApplicationTests in 3.064 seconds (JVM running for 5.498)
]]></system-out>
  <system-err><![CDATA[]]></system-err>
</testsuite>
